<?xml version="1.0" encoding="UTF-8"?>
<testng-results ignored="0" total="1" passed="1" failed="0" skipped="0">
  <reporter-output>
  </reporter-output>
  <suite started-at="2025-05-06T20:26:57 IST" name="Default suite" finished-at="2025-05-06T20:27:01 IST" duration-ms="3613">
    <groups>
    </groups>
    <test started-at="2025-05-06T20:26:57 IST" name="Default test" finished-at="2025-05-06T20:27:01 IST" duration-ms="3613">
      <class name="demo.GmailOpenTest">
        <test-method is-config="true" signature="setup()[pri:0, instance:demo.GmailOpenTest@139982de]" started-at="2025-05-06T20:26:57 IST" name="setup" finished-at="2025-05-06T20:26:59 IST" duration-ms="1364" status="PASS">
          <reporter-output>
          </reporter-output>
        </test-method> <!-- setup -->
        <test-method signature="openGmail()[pri:0, instance:demo.GmailOpenTest@139982de]" started-at="2025-05-06T20:26:59 IST" name="openGmail" finished-at="2025-05-06T20:27:01 IST" duration-ms="2208" status="PASS">
          <reporter-output>
          </reporter-output>
        </test-method> <!-- openGmail -->
        <test-method is-config="true" signature="tearDown()[pri:0, instance:demo.GmailOpenTest@139982de]" started-at="2025-05-06T20:27:01 IST" name="tearDown" finished-at="2025-05-06T20:27:01 IST" duration-ms="1" status="PASS">
          <reporter-output>
          </reporter-output>
        </test-method> <!-- tearDown -->
      </class> <!-- demo.GmailOpenTest -->
    </test> <!-- Default test -->
  </suite> <!-- Default suite -->
</testng-results>
